[tobloef.com/text2mindmap/index.html]
[backblue.gif]
[fade.gif]
[index.html]
[tobloef.com/text2mindmap/favicon.png]
[tobloef.com/text2mindmap/styles/old/jquery-ui-1.10.3.custom.min.css]
[cdn.jsdelivr.net/jquery.minicolors/2.0.4/jquery.minicolors.css]
[use.fontawesome.com/releases/v5.0.9/js/all.js]
[tobloef.com/text2mindmap/styles/appf9e3.css]
[tobloef.com/text2mindmap/styles/navbarf9e3.css]
[tobloef.com/text2mindmap/styles/modal.css]
[tobloef.com/text2mindmap/styles/document_title.css]
[tobloef.com/text2mindmap/styles/editor.css]
[tobloef.com/text2mindmap/styles/viewer.css]
[tobloef.com/text2mindmap/styles/pane_resizer.css]
[ajax.googleapis.com/ajax/libs/jquery/1.9.1/jquery.min.js]
[cdn.jsdelivr.net/jquery.minicolors/2.0.4/jquery.minicolors.js]
[cdnjs.cloudflare.com/ajax/libs/d3/3.0.8/d3.min.js]
[tobloef.com/text2mindmap/scripts/old/kineticjs.js]
[tobloef.com/text2mindmap/scripts/old/jquery.cookie.min.js]
[tobloef.com/text2mindmap/scripts/old/difflib.js]
[tobloef.com/text2mindmap/scripts/old/mindmap.min.js]
[tobloef.com/text2mindmap/scripts/unsaved_changes.js]
[tobloef.com/text2mindmap/scripts/settings.js]
[tobloef.com/text2mindmap/scripts/document_title.js]
[tobloef.com/text2mindmap/scripts/file_import.js]
[tobloef.com/text2mindmap/scripts/file_export.js]
[tobloef.com/text2mindmap/scripts/app_functions.js]
[tobloef.com/text2mindmap/scripts/navbar.js]
[tobloef.com/text2mindmap/scripts/modal.js]
[tobloef.com/text2mindmap/scripts/pane_resizer.js]
[tobloef.com/text2mindmap/scripts/shortcuts.js]
[tobloef.com/text2mindmap/scripts/main.js]
[tobloef.com/text2mindmap/index.html]
[tobloef.com/text2mindmap/styles/old/customstyles.css]
[tobloef.com/text2mindmap/styles/old/images/ui-bg_highlight-soft_100_eeeeee_1x100.png]
[tobloef.com/text2mindmap/styles/old/images/ui-bg_gloss-wave_35_f6a828_500x100.png]
[tobloef.com/text2mindmap/styles/old/images/ui-bg_glass_100_f6f6f6_1x400.png]
[tobloef.com/text2mindmap/styles/old/images/ui-bg_glass_100_fdf5ce_1x400.png]
[tobloef.com/text2mindmap/styles/old/images/ui-bg_glass_65_ffffff_1x400.png]
[tobloef.com/text2mindmap/styles/old/images/ui-bg_highlight-soft_75_ffe45c_1x100.png]
[tobloef.com/text2mindmap/styles/old/images/ui-bg_diagonals-thick_18_b81900_40x40.png]
[tobloef.com/text2mindmap/styles/old/images/ui-icons_222222_256x240.png]
[tobloef.com/text2mindmap/styles/old/images/ui-icons_ffffff_256x240.png]
[tobloef.com/text2mindmap/styles/old/images/ui-icons_ef8c08_256x240.png]
[tobloef.com/text2mindmap/styles/old/images/ui-icons_228ef1_256x240.png]
[tobloef.com/text2mindmap/styles/old/images/ui-icons_ffd27a_256x240.png]
[tobloef.com/text2mindmap/styles/old/images/ui-bg_diagonals-thick_20_666666_40x40.png]
[tobloef.com/text2mindmap/styles/old/images/ui-bg_flat_10_000000_40x100.png]
[tobloef.com/text2mindmap/styles/old/jquery-ui-1.10.3.custom.min.css]
[cdn.jsdelivr.net/jquery.minicolors/2.0.4/jquery.minicolors.png]
[cdn.jsdelivr.net/jquery.minicolors/2.0.4/jquery.minicolors.css]
[tobloef.com/text2mindmap/styles/appf9e3.css]
[tobloef.com/text2mindmap/styles/navbarf9e3.css]
[tobloef.com/text2mindmap/styles/modal.css]
[tobloef.com/text2mindmap/styles/document_title.css]
[tobloef.com/text2mindmap/styles/editor.css]
[tobloef.com/text2mindmap/styles/viewer.css]
[tobloef.com/text2mindmap/styles/pane_resizer.css]
[tobloef.com/text2mindmap/styles/old/images/ui-bg_highlight-soft_100_eeeeee_1x100.html]
[tobloef.com/text2mindmap/styles/old/images/ui-bg_gloss-wave_35_f6a828_500x100.html]
[tobloef.com/text2mindmap/styles/old/images/ui-bg_glass_100_f6f6f6_1x400.html]
[tobloef.com/text2mindmap/styles/old/images/ui-bg_glass_100_fdf5ce_1x400.html]
[tobloef.com/text2mindmap/styles/old/images/ui-bg_glass_65_ffffff_1x400.html]
[tobloef.com/text2mindmap/styles/old/images/ui-bg_highlight-soft_75_ffe45c_1x100.html]
[tobloef.com/text2mindmap/styles/old/images/ui-bg_diagonals-thick_18_b81900_40x40.html]
[tobloef.com/text2mindmap/styles/old/images/ui-icons_222222_256x240.html]
[tobloef.com/text2mindmap/styles/old/images/ui-icons_ffffff_256x240.html]
[tobloef.com/text2mindmap/styles/old/images/ui-icons_ef8c08_256x240.html]
[tobloef.com/text2mindmap/styles/old/images/ui-icons_228ef1_256x240.html]
[tobloef.com/text2mindmap/styles/old/images/ui-icons_ffd27a_256x240.html]
[tobloef.com/text2mindmap/styles/old/images/ui-bg_diagonals-thick_20_666666_40x40.html]
[tobloef.com/text2mindmap/styles/old/images/ui-bg_flat_10_000000_40x100.html]
